<?xml version="1.0" encoding="UTF-8"?>
<testsuite name="DequeTest" tests="1" skipped="0" failures="0" errors="0" timestamp="2015-09-22T10:25:25" hostname="dev" time="0.005">
  <properties/>
  <testcase name="testIsEmptyReturnsTrue" classname="DequeTest" time="0.005"/>
  <system-out><![CDATA[]]></system-out>
  <system-err><![CDATA[]]></system-err>
</testsuite>
